d:\code\sr_cookgame_1120\client\default\debug\sr_cookgame.pch
d:\code\sr_cookgame_1120\client\default\debug\vc140.pdb
d:\code\sr_cookgame_1120\client\default\debug\vc140.idb
d:\code\sr_cookgame_1120\client\default\debug\stdafx.obj
d:\code\sr_cookgame_1120\client\default\debug\background.obj
d:\code\sr_cookgame_1120\client\default\debug\effect.obj
d:\code\sr_cookgame_1120\client\default\debug\food.obj
d:\code\sr_cookgame_1120\client\default\debug\foodicon.obj
d:\code\sr_cookgame_1120\client\default\debug\foodlist.obj
d:\code\sr_cookgame_1120\client\default\debug\foodlist_background.obj
d:\code\sr_cookgame_1120\client\default\debug\itemcount.obj
d:\code\sr_cookgame_1120\client\default\debug\level_loading.obj
d:\code\sr_cookgame_1120\client\default\debug\level_logo.obj
d:\code\sr_cookgame_1120\client\default\debug\level_playstage.obj
d:\code\sr_cookgame_1120\client\default\debug\loader.obj
d:\code\sr_cookgame_1120\client\default\debug\player.obj
d:\code\sr_cookgame_1120\client\default\debug\responsebox.obj
d:\code\sr_cookgame_1120\client\default\debug\skybox.obj
d:\code\sr_cookgame_1120\client\default\debug\start_button.obj
d:\code\sr_cookgame_1120\client\default\debug\terrainbox.obj
d:\code\sr_cookgame_1120\client\default\debug\tpscamera.obj
d:\code\sr_cookgame_1120\client\default\debug\ui.obj
d:\code\sr_cookgame_1120\client\default\debug\sr_cookgame.obj
d:\code\sr_cookgame_1120\client\default\debug\mainapp.obj
d:\code\sr_cookgame_1120\client\default\debug\level_clear.obj
d:\code\sr_cookgame_1120\client\default\debug\level_end.obj
d:\code\sr_cookgame_1120\client\default\debug\loading_background.obj
d:\code\sr_cookgame_1120\client\default\debug\clear_background.obj
d:\code\sr_cookgame_1120\client\default\debug\end_background.obj
d:\code\sr_cookgame_1120\client\bin\sr_cookgame.ilk
d:\code\sr_cookgame_1120\client\bin\sr_cookgame.exe
d:\code\sr_cookgame_1120\client\bin\sr_cookgame.pdb
d:\code\sr_cookgame_1120\client\default\debug\sr_cookgame.res
d:\code\sr_cookgame_1120\client\default\debug\loader.obj.enc
d:\code\sr_cookgame_1120\client\default\debug\sr_cookgame.tlog\cl.command.1.tlog
d:\code\sr_cookgame_1120\client\default\debug\sr_cookgame.tlog\cl.read.1.tlog
d:\code\sr_cookgame_1120\client\default\debug\sr_cookgame.tlog\cl.write.1.tlog
d:\code\sr_cookgame_1120\client\default\debug\sr_cookgame.tlog\link-cvtres.read.1.tlog
d:\code\sr_cookgame_1120\client\default\debug\sr_cookgame.tlog\link-cvtres.write.1.tlog
d:\code\sr_cookgame_1120\client\default\debug\sr_cookgame.tlog\link-rc.read.1.tlog
d:\code\sr_cookgame_1120\client\default\debug\sr_cookgame.tlog\link-rc.write.1.tlog
d:\code\sr_cookgame_1120\client\default\debug\sr_cookgame.tlog\link.39352-cvtres.read.1.tlog
d:\code\sr_cookgame_1120\client\default\debug\sr_cookgame.tlog\link.39352-cvtres.write.1.tlog
d:\code\sr_cookgame_1120\client\default\debug\sr_cookgame.tlog\link.39352-rc.read.1.tlog
d:\code\sr_cookgame_1120\client\default\debug\sr_cookgame.tlog\link.39352-rc.write.1.tlog
d:\code\sr_cookgame_1120\client\default\debug\sr_cookgame.tlog\link.39352.read.1.tlog
d:\code\sr_cookgame_1120\client\default\debug\sr_cookgame.tlog\link.39352.write.1.tlog
d:\code\sr_cookgame_1120\client\default\debug\sr_cookgame.tlog\link.command.1.tlog
d:\code\sr_cookgame_1120\client\default\debug\sr_cookgame.tlog\link.read.1.tlog
d:\code\sr_cookgame_1120\client\default\debug\sr_cookgame.tlog\link.write.1.tlog
d:\code\sr_cookgame_1120\client\default\debug\sr_cookgame.tlog\rc.command.1.tlog
d:\code\sr_cookgame_1120\client\default\debug\sr_cookgame.tlog\rc.read.1.tlog
d:\code\sr_cookgame_1120\client\default\debug\sr_cookgame.tlog\rc.write.1.tlog
