c:\users\bluek\desktop\jusin\sr_sollogame\sr_cookgame\sr_cookgame\engine\default\debug\vc140.pdb
c:\users\bluek\desktop\jusin\sr_sollogame\sr_cookgame\sr_cookgame\engine\default\debug\vc140.idb
c:\users\bluek\desktop\jusin\sr_sollogame\sr_cookgame\sr_cookgame\engine\default\debug\component.obj
c:\users\bluek\desktop\jusin\sr_sollogame\sr_cookgame\sr_cookgame\engine\default\debug\component_manager.obj
c:\users\bluek\desktop\jusin\sr_sollogame\sr_cookgame\sr_cookgame\engine\default\debug\input_device.obj
c:\users\bluek\desktop\jusin\sr_sollogame\sr_cookgame\sr_cookgame\engine\default\debug\gameinstance.obj
c:\users\bluek\desktop\jusin\sr_sollogame\sr_cookgame\sr_cookgame\engine\default\debug\gameobject.obj
c:\users\bluek\desktop\jusin\sr_sollogame\sr_cookgame\sr_cookgame\engine\default\debug\layer.obj
c:\users\bluek\desktop\jusin\sr_sollogame\sr_cookgame\sr_cookgame\engine\default\debug\level.obj
c:\users\bluek\desktop\jusin\sr_sollogame\sr_cookgame\sr_cookgame\engine\default\debug\level_manager.obj
c:\users\bluek\desktop\jusin\sr_sollogame\sr_cookgame\sr_cookgame\engine\default\debug\object_manager.obj
c:\users\bluek\desktop\jusin\sr_sollogame\sr_cookgame\sr_cookgame\engine\default\debug\picking.obj
c:\users\bluek\desktop\jusin\sr_sollogame\sr_cookgame\sr_cookgame\engine\default\debug\pipeline.obj
c:\users\bluek\desktop\jusin\sr_sollogame\sr_cookgame\sr_cookgame\engine\default\debug\renderer.obj
c:\users\bluek\desktop\jusin\sr_sollogame\sr_cookgame\sr_cookgame\engine\default\debug\texture.obj
c:\users\bluek\desktop\jusin\sr_sollogame\sr_cookgame\sr_cookgame\engine\default\debug\timer.obj
c:\users\bluek\desktop\jusin\sr_sollogame\sr_cookgame\sr_cookgame\engine\default\debug\timer_manager.obj
c:\users\bluek\desktop\jusin\sr_sollogame\sr_cookgame\sr_cookgame\engine\default\debug\transform.obj
c:\users\bluek\desktop\jusin\sr_sollogame\sr_cookgame\sr_cookgame\engine\default\debug\vibuffer.obj
c:\users\bluek\desktop\jusin\sr_sollogame\sr_cookgame\sr_cookgame\engine\default\debug\vibuffer_cube.obj
c:\users\bluek\desktop\jusin\sr_sollogame\sr_cookgame\sr_cookgame\engine\default\debug\vibuffer_rect.obj
c:\users\bluek\desktop\jusin\sr_sollogame\sr_cookgame\sr_cookgame\engine\default\debug\vibuffer_terrain.obj
c:\users\bluek\desktop\jusin\sr_sollogame\sr_cookgame\sr_cookgame\engine\default\debug\base.obj
c:\users\bluek\desktop\jusin\sr_sollogame\sr_cookgame\sr_cookgame\engine\default\debug\camera.obj
c:\users\bluek\desktop\jusin\sr_sollogame\sr_cookgame\sr_cookgame\engine\default\debug\graphic_device.obj
c:\users\bluek\desktop\jusin\sr_sollogame\sr_cookgame\sr_cookgame\engine\bin\engine.lib
c:\users\bluek\desktop\jusin\sr_sollogame\sr_cookgame\sr_cookgame\engine\bin\engine.exp
c:\users\bluek\desktop\jusin\sr_sollogame\sr_cookgame\sr_cookgame\engine\bin\engine.ilk
c:\users\bluek\desktop\jusin\sr_sollogame\sr_cookgame\sr_cookgame\engine\bin\engine.dll
c:\users\bluek\desktop\jusin\sr_sollogame\sr_cookgame\sr_cookgame\engine\bin\engine.pdb
d:\code\sr_cookgame_1120\engine\default\debug\base.obj
d:\code\sr_cookgame_1120\engine\default\debug\camera.obj
d:\code\sr_cookgame_1120\engine\default\debug\component.obj
d:\code\sr_cookgame_1120\engine\default\debug\component_manager.obj
d:\code\sr_cookgame_1120\engine\default\debug\gameinstance.obj
d:\code\sr_cookgame_1120\engine\default\debug\gameobject.obj
d:\code\sr_cookgame_1120\engine\default\debug\graphic_device.obj
d:\code\sr_cookgame_1120\engine\default\debug\input_device.obj
d:\code\sr_cookgame_1120\engine\default\debug\layer.obj
d:\code\sr_cookgame_1120\engine\default\debug\level.obj
d:\code\sr_cookgame_1120\engine\default\debug\level_manager.obj
d:\code\sr_cookgame_1120\engine\default\debug\object_manager.obj
d:\code\sr_cookgame_1120\engine\default\debug\picking.obj
d:\code\sr_cookgame_1120\engine\default\debug\pipeline.obj
d:\code\sr_cookgame_1120\engine\default\debug\renderer.obj
d:\code\sr_cookgame_1120\engine\default\debug\texture.obj
d:\code\sr_cookgame_1120\engine\default\debug\timer.obj
d:\code\sr_cookgame_1120\engine\default\debug\timer_manager.obj
d:\code\sr_cookgame_1120\engine\default\debug\transform.obj
d:\code\sr_cookgame_1120\engine\default\debug\vibuffer.obj
d:\code\sr_cookgame_1120\engine\default\debug\vibuffer_cube.obj
d:\code\sr_cookgame_1120\engine\default\debug\vibuffer_rect.obj
d:\code\sr_cookgame_1120\engine\default\debug\vibuffer_terrain.obj
d:\code\sr_cookgame_1120\engine\default\debug\vc140.idb
d:\code\sr_cookgame_1120\engine\default\debug\vc140.pdb
d:\code\sr_cookgame_1120\engine\default\..\bin\engine.dll
d:\code\sr_cookgame_1120\engine\default\debug\engine.tlog\cl.command.1.tlog
d:\code\sr_cookgame_1120\engine\default\debug\engine.tlog\cl.read.1.tlog
d:\code\sr_cookgame_1120\engine\default\debug\engine.tlog\cl.write.1.tlog
d:\code\sr_cookgame_1120\engine\default\debug\engine.tlog\engine.write.1u.tlog
d:\code\sr_cookgame_1120\engine\default\debug\engine.tlog\link.command.1.tlog
d:\code\sr_cookgame_1120\engine\default\debug\engine.tlog\link.read.1.tlog
d:\code\sr_cookgame_1120\engine\default\debug\engine.tlog\link.write.1.tlog
